<?xml version="1.0" encoding="UTF-8"?>
<!-- Generated by org.testng.reporters.JUnitXMLReporter -->
<testsuite ignored="0" hostname="Sharans-MacBook-Pro.local" failures="1" tests="1" name="Firefox" time="23.023" errors="0" timestamp="2022-06-16T22:48:55 EDT">
  <testcase classname="testcases.MatchScenario_001" name="sampleScenario" time="12.334">
    <failure type="org.openqa.selenium.ElementNotInteractableException" message="Element &amp;lt;button class=&amp;quot;skipSurvey&amp;quot;&amp;gt; could not be scrolled into view
Build info: version: &amp;apos;4.2.2&amp;apos;, revision: &amp;apos;683ccb65d6&amp;apos;
System info: host: &amp;apos;Sharans-MacBook-Pro.local&amp;apos;, ip: &amp;apos;2601:192:8801:9180:0:0:0:90b0%en0&amp;apos;, os.name: &amp;apos;Mac OS X&amp;apos;, os.arch: &amp;apos;x86_64&amp;apos;, os.version: &amp;apos;10.16&amp;apos;, java.version: &amp;apos;15.0.1&amp;apos;
Driver info: org.openqa.selenium.firefox.FirefoxDriver
Command: [0135b83f-9168-40c0-a282-24d1bc4f4fbf, clickElement {id=5836e3c7-f150-47ba-a05f-98a7bef43812}]
Capabilities {acceptInsecureCerts: true, browserName: firefox, browserVersion: 101.0.1, moz:accessibilityChecks: false, moz:buildID: 20220608170832, moz:debuggerAddress: localhost:57318, moz:geckodriverVersion: 0.31.0, moz:headless: false, moz:processID: 57206, moz:profile: /var/folders/7n/vy2zb37x1wd..., moz:shutdownTimeout: 60000, moz:useNonSpecCompliantPointerOrigin: false, moz:webdriverClick: true, pageLoadStrategy: normal, platformName: MAC, platformVersion: 21.5.0, proxy: Proxy(), se:cdp: ws://localhost:57318/devtoo..., se:cdpVersion: 85.0, setWindowRect: true, strictFileInteractability: false, timeouts: {implicit: 0, pageLoad: 300000, script: 30000}, unhandledPromptBehavior: dismiss and notify}
Element: [[FirefoxDriver: firefox on MAC (0135b83f-9168-40c0-a282-24d1bc4f4fbf)] -&amp;gt; css selector: .skipSurvey]
Session ID: 0135b83f-9168-40c0-a282-24d1bc4f4fbf">
      <![CDATA[org.openqa.selenium.ElementNotInteractableException: Element <button class="skipSurvey"> could not be scrolled into view
Build info: version: '4.2.2', revision: '683ccb65d6'
System info: host: 'Sharans-MacBook-Pro.local', ip: '2601:192:8801:9180:0:0:0:90b0%en0', os.name: 'Mac OS X', os.arch: 'x86_64', os.version: '10.16', java.version: '15.0.1'
Driver info: org.openqa.selenium.firefox.FirefoxDriver
Command: [0135b83f-9168-40c0-a282-24d1bc4f4fbf, clickElement {id=5836e3c7-f150-47ba-a05f-98a7bef43812}]
Capabilities {acceptInsecureCerts: true, browserName: firefox, browserVersion: 101.0.1, moz:accessibilityChecks: false, moz:buildID: 20220608170832, moz:debuggerAddress: localhost:57318, moz:geckodriverVersion: 0.31.0, moz:headless: false, moz:processID: 57206, moz:profile: /var/folders/7n/vy2zb37x1wd..., moz:shutdownTimeout: 60000, moz:useNonSpecCompliantPointerOrigin: false, moz:webdriverClick: true, pageLoadStrategy: normal, platformName: MAC, platformVersion: 21.5.0, proxy: Proxy(), se:cdp: ws://localhost:57318/devtoo..., se:cdpVersion: 85.0, setWindowRect: true, strictFileInteractability: false, timeouts: {implicit: 0, pageLoad: 300000, script: 30000}, unhandledPromptBehavior: dismiss and notify}
Element: [[FirefoxDriver: firefox on MAC (0135b83f-9168-40c0-a282-24d1bc4f4fbf)] -> css selector: .skipSurvey]
Session ID: 0135b83f-9168-40c0-a282-24d1bc4f4fbf
at org.openqa.selenium.remote.codec.w3c.W3CHttpResponseCodec.createException(W3CHttpResponseCodec.java:200)
at org.openqa.selenium.remote.codec.w3c.W3CHttpResponseCodec.decode(W3CHttpResponseCodec.java:133)
at org.openqa.selenium.remote.codec.w3c.W3CHttpResponseCodec.decode(W3CHttpResponseCodec.java:53)
at org.openqa.selenium.remote.HttpCommandExecutor.execute(HttpCommandExecutor.java:184)
at org.openqa.selenium.remote.service.DriverCommandExecutor.invokeExecute(DriverCommandExecutor.java:167)
at org.openqa.selenium.remote.service.DriverCommandExecutor.execute(DriverCommandExecutor.java:142)
at org.openqa.selenium.remote.RemoteWebDriver.execute(RemoteWebDriver.java:588)
at org.openqa.selenium.remote.RemoteWebElement.execute(RemoteWebElement.java:257)
at org.openqa.selenium.remote.RemoteWebElement.click(RemoteWebElement.java:78)
at org.openqa.selenium.support.pagefactory.internal.LocatingElementHandler.invoke(LocatingElementHandler.java:52)
at com.sun.proxy.$Proxy18.click(Unknown Source)
at pageobjects.Registration.registration(Registration.java:139)
at testcases.MatchScenario_001.sampleScenario(MatchScenario_001.java:11)
at java.base/java.util.ArrayList.forEach(ArrayList.java:1511)
... Removed 36 stack frames]]>
    </failure>
  </testcase> <!-- sampleScenario -->
</testsuite> <!-- Firefox -->
